<?xml version="1.0" encoding="UTF-8"?>
<testsuite xmlns:xsi="http://www.w3.org/2001/XMLSchema-instance" xsi:noNamespaceSchemaLocation="https://maven.apache.org/surefire/maven-surefire-plugin/xsd/surefire-test-report.xsd" version="3.0.2" name="TestSuite" time="8.994" tests="4" errors="0" skipped="0" failures="0">
  <properties>
[...]
</properties>
  <testcase name="testPostUser" classname="api.test.UserTests2" time="1.304">
    <system-out><![CDATA[2024-11-26 13:11:45,318 ERROR File contains an invalid element or attribute "JsonTemplateLayout"
{
    "code": 200,
    "type": "unknown",
    "message": "713656449"
}
io.restassured.internal.RestAssuredResponseImpl@3412a3fd
]]></system-out>
  </testcase>
  <testcase name="testGetUserByName" classname="api.test.UserTests2" time="0.538">
    <system-out><![CDATA[HTTP/1.1 200 OK
Date: Tue, 26 Nov 2024 13:11:47 GMT
Content-Type: application/json
Transfer-Encoding: chunked
Connection: keep-alive
Access-Control-Allow-Origin: *
Access-Control-Allow-Methods: GET, POST, DELETE, PUT
Access-Control-Allow-Headers: Content-Type, api_key, Authorization
Server: Jetty(9.2.9.v20150224)

{
    "id": 713656449,
    "username": "tyron.nolan",
    "firstName": "Bell",
    "lastName": "Lubowitz",
    "email": "man.ferry@example.com",
    "password": "915-296-4265",
    "userStatus": 0
}
]]></system-out>
  </testcase>
  <testcase name="testUpdateUser" classname="api.test.UserTests2" time="1.03">
    <system-out><![CDATA[HTTP/1.1 200 OK
Date: Tue, 26 Nov 2024 13:11:47 GMT
Content-Type: application/json
Transfer-Encoding: chunked
Connection: keep-alive
Access-Control-Allow-Origin: *
Access-Control-Allow-Methods: GET, POST, DELETE, PUT
Access-Control-Allow-Headers: Content-Type, api_key, Authorization
Server: Jetty(9.2.9.v20150224)

{
    "code": 200,
    "type": "unknown",
    "message": "713656449"
}
]]></system-out>
  </testcase>
  <testcase name="testDeleteUserByName" classname="api.test.UserTests2" time="0.52">
    <system-out><![CDATA[HTTP/1.1 200 OK
Date: Tue, 26 Nov 2024 13:11:48 GMT
Content-Type: application/json
Transfer-Encoding: chunked
Connection: keep-alive
Access-Control-Allow-Origin: *
Access-Control-Allow-Methods: GET, POST, DELETE, PUT
Access-Control-Allow-Headers: Content-Type, api_key, Authorization
Server: Jetty(9.2.9.v20150224)

{
    "id": 713656449,
    "username": "tyron.nolan",
    "firstName": "Hayden",
    "lastName": "Koss",
    "email": "sachiko.moen@example.com",
    "password": "915-296-4265",
    "userStatus": 0
}
]]></system-out>
  </testcase>
</testsuite>