<?xml version="1.0" encoding="UTF-8"?>
<testng-results ignored="0" total="4" passed="4" failed="0" skipped="0">
  <reporter-output>
  </reporter-output>
  <suite started-at="2024-11-26T13:11:45 GMT" name="All Test Suite" finished-at="2024-11-26T13:11:48 GMT" duration-ms="3485">
    <groups>
    </groups>
    <test started-at="2024-11-26T13:11:45 GMT" name="/Users/surbhi/IdeaProjects/TestFramework/src/test/java/api/test/UserTests.java" finished-at="2024-11-26T13:11:48 GMT" duration-ms="3485">
      <class name="api.test.UserTests2">
        <test-method is-config="true" signature="setupData()[pri:0, instance:api.test.UserTests2@7922d892]" started-at="2024-11-26T13:11:45 GMT" name="setupData" finished-at="2024-11-26T13:11:45 GMT" duration-ms="78" status="PASS">
          <reporter-output>
          </reporter-output>
        </test-method> <!-- setupData -->
        <test-method signature="testPostUser()[pri:1, instance:api.test.UserTests2@7922d892]" started-at="2024-11-26T13:11:45 GMT" name="testPostUser" finished-at="2024-11-26T13:11:46 GMT" duration-ms="1303" status="PASS">
          <reporter-output>
          </reporter-output>
        </test-method> <!-- testPostUser -->
        <test-method signature="testGetUserByName()[pri:2, instance:api.test.UserTests2@7922d892]" started-at="2024-11-26T13:11:46 GMT" name="testGetUserByName" finished-at="2024-11-26T13:11:47 GMT" duration-ms="539" status="PASS">
          <reporter-output>
          </reporter-output>
        </test-method> <!-- testGetUserByName -->
        <test-method signature="testUpdateUser()[pri:3, instance:api.test.UserTests2@7922d892]" started-at="2024-11-26T13:11:47 GMT" name="testUpdateUser" finished-at="2024-11-26T13:11:48 GMT" duration-ms="1029" status="PASS">
          <reporter-output>
          </reporter-output>
        </test-method> <!-- testUpdateUser -->
        <test-method signature="testDeleteUserByName()[pri:4, instance:api.test.UserTests2@7922d892]" started-at="2024-11-26T13:11:48 GMT" name="testDeleteUserByName" finished-at="2024-11-26T13:11:48 GMT" duration-ms="518" status="PASS">
          <reporter-output>
          </reporter-output>
        </test-method> <!-- testDeleteUserByName -->
      </class> <!-- api.test.UserTests2 -->
    </test> <!-- /Users/surbhi/IdeaProjects/TestFramework/src/test/java/api/test/UserTests.java -->
  </suite> <!-- All Test Suite -->
</testng-results>
