<?xml version="1.0" encoding="UTF-8"?>
<!-- Generated by org.testng.reporters.JUnitXMLReporter -->
<testsuite ignored="0" hostname="Sanjais-Air.station" failures="0" tests="4" name="/Users/surbhi/IdeaProjects/TestFramework/src/test/java/api/test/UserTests.java" time="3.485" errors="0" timestamp="2024-11-26T13:11:48 GMT">
  <testcase classname="api.test.UserTests2" name="testPostUser" time="1.303"/>
  <testcase classname="api.test.UserTests2" name="testGetUserByName" time="0.539"/>
  <testcase classname="api.test.UserTests2" name="testUpdateUser" time="1.029"/>
  <testcase classname="api.test.UserTests2" name="testDeleteUserByName" time="0.518"/>
</testsuite> <!-- /Users/surbhi/IdeaProjects/TestFramework/src/test/java/api/test/UserTests.java -->
